[debug] [2019-03-08T20:40:11.375Z] ----------------------------------------------------------------------
[debug] [2019-03-08T20:40:11.377Z] Command:       /usr/local/bin/node /usr/local/bin/firebase init
[debug] [2019-03-08T20:40:11.378Z] CLI Version:   6.4.0
[debug] [2019-03-08T20:40:11.378Z] Platform:      darwin
[debug] [2019-03-08T20:40:11.378Z] Node Version:  v8.11.2
[debug] [2019-03-08T20:40:11.378Z] Time:          Fri Mar 08 2019 12:40:11 GMT-0800 (PST)
[debug] [2019-03-08T20:40:11.378Z] ----------------------------------------------------------------------
[debug] 
[debug] [2019-03-08T20:40:11.385Z] > command requires scopes: ["email","openid","https://www.googleapis.com/auth/cloudplatformprojects.readonly","https://www.googleapis.com/auth/firebase","https://www.googleapis.com/auth/cloud-platform"]
[debug] [2019-03-08T20:40:11.385Z] > authorizing via signed-in user
[info] 
     ######## #### ########  ######## ########     ###     ######  ########
     ##        ##  ##     ## ##       ##     ##  ##   ##  ##       ##
     ######    ##  ########  ######   ########  #########  ######  ######
     ##        ##  ##    ##  ##       ##     ## ##     ##       ## ##
     ##       #### ##     ## ######## ########  ##     ##  ######  ########

You're about to initialize a Firebase project in this directory:

  /Users/Guest/Desktop/thespoiledcat

[info] 
=== Project Setup
[info] 
[info] First, let's associate this project directory with a Firebase project.
[info] You can create multiple project aliases by running firebase use --add, 
[info] but for now we'll just set up a default project.
[info] 
[debug] [2019-03-08T20:40:13.991Z] > refreshing access token with scopes: ["email","https://www.googleapis.com/auth/cloud-platform","https://www.googleapis.com/auth/cloudplatformprojects.readonly","https://www.googleapis.com/auth/firebase","openid"]
[debug] [2019-03-08T20:40:13.991Z] >>> HTTP REQUEST POST https://www.googleapis.com/oauth2/v3/token  
 <request body omitted>
[debug] [2019-03-08T20:40:14.101Z] <<< HTTP RESPONSE 200
[debug] [2019-03-08T20:40:14.164Z] >>> HTTP REQUEST GET https://firebase.googleapis.com/v1beta1/projects?page_size=100  
 
[debug] [2019-03-08T20:40:14.507Z] <<< HTTP RESPONSE 200
[info] i  Using project the-spoiled-cat (The Spoiled Cat)
[info] 
=== Database Setup
[info] 
[info] Firebase Realtime Database Rules allow you to define how your data should be
[info] structured and when your data can be read from and written to.
[info] 
